<?xml version="1.0" encoding="UTF-8"?>
<!-- Generated by org.testng.reporters.JUnitXMLReporter -->
<testsuite hostname="EMB-BAN-102" ignored="0" name="Default test" tests="4" failures="0" timestamp="13 Jun 2018 08:53:30 GMT" time="36.631" errors="0">
  <testcase name="closepop" time="0.232" classname="TestCases.LoginPageTest"/>
  <testcase name="LoggedIn" time="1.827" classname="TestCases.LoginPageTest"/>
  <testcase name="LoginPagetitleTest" time="0.018" classname="TestCases.LoginPageTest"/>
  <testcase name="cswlogoImageTest" time="0.057" classname="TestCases.LoginPageTest"/>
</testsuite> <!-- Default test -->
