<?xml version="1.0" encoding="UTF-8"?>
<testng-results skipped="0" failed="0" ignored="0" total="4" passed="4">
  <reporter-output>
    <line>
      <![CDATA[Browser open successfully]]>
    </line>
    <line>
      <![CDATA[subscription pop-up is closed successfully]]>
    </line>
    <line>
      <![CDATA[Logged In successfully]]>
    </line>
    <line>
      <![CDATA[successfully Title is verified]]>
    </line>
    <line>
      <![CDATA[coverstory logo is verified]]>
    </line>
  </reporter-output>
  <suite name="Default suite" duration-ms="31347" started-at="2018-06-13T09:46:26Z" finished-at="2018-06-13T09:46:57Z">
    <groups>
    </groups>
    <test name="Default test" duration-ms="31347" started-at="2018-06-13T09:46:26Z" finished-at="2018-06-13T09:46:57Z">
      <class name="TestCases.LoginPageTest">
        <test-method status="PASS" signature="launchbrowser()[pri:0, instance:TestCases.LoginPageTest@63e2203c]" name="launchbrowser" is-config="true" duration-ms="29029" started-at="2018-06-13T15:16:26Z" finished-at="2018-06-13T15:16:55Z">
          <reporter-output>
            <line>
              <![CDATA[Browser open successfully]]>
            </line>
          </reporter-output>
        </test-method> <!-- launchbrowser -->
        <test-method status="PASS" signature="closepop()[pri:1, instance:TestCases.LoginPageTest@63e2203c]" name="closepop" duration-ms="272" started-at="2018-06-13T15:16:55Z" finished-at="2018-06-13T15:16:55Z">
          <reporter-output>
            <line>
              <![CDATA[subscription pop-up is closed successfully]]>
            </line>
          </reporter-output>
        </test-method> <!-- closepop -->
        <test-method status="PASS" signature="LoggedIn()[pri:2, instance:TestCases.LoginPageTest@63e2203c]" name="LoggedIn" duration-ms="1900" started-at="2018-06-13T15:16:55Z" finished-at="2018-06-13T15:16:57Z">
          <reporter-output>
            <line>
              <![CDATA[Logged In successfully]]>
            </line>
          </reporter-output>
        </test-method> <!-- LoggedIn -->
        <test-method status="PASS" signature="LoginPagetitleTest()[pri:3, instance:TestCases.LoginPageTest@63e2203c]" name="LoginPagetitleTest" duration-ms="17" started-at="2018-06-13T15:16:57Z" finished-at="2018-06-13T15:16:57Z">
          <reporter-output>
            <line>
              <![CDATA[successfully Title is verified]]>
            </line>
          </reporter-output>
        </test-method> <!-- LoginPagetitleTest -->
        <test-method status="PASS" signature="cswlogoImageTest()[pri:4, instance:TestCases.LoginPageTest@63e2203c]" name="cswlogoImageTest" duration-ms="100" started-at="2018-06-13T15:16:57Z" finished-at="2018-06-13T15:16:57Z">
          <reporter-output>
            <line>
              <![CDATA[coverstory logo is verified]]>
            </line>
          </reporter-output>
        </test-method> <!-- cswlogoImageTest -->
      </class> <!-- TestCases.LoginPageTest -->
    </test> <!-- Default test -->
  </suite> <!-- Default suite -->
</testng-results>
